[debug] [2022-05-20T19:51:13.836Z] ----------------------------------------------------------------------
[debug] [2022-05-20T19:51:13.839Z] Command:       C:\Program Files\nodejs\node.exe C:\Users\payus\AppData\Roaming\npm\node_modules\firebase-tools\lib\bin\firebase.js init
[debug] [2022-05-20T19:51:13.840Z] CLI Version:   10.9.2
[debug] [2022-05-20T19:51:13.840Z] Platform:      win32
[debug] [2022-05-20T19:51:13.840Z] Node Version:  v16.13.1
[debug] [2022-05-20T19:51:13.841Z] Time:          Sat May 21 2022 01:21:13 GMT+0530 (India Standard Time)
[debug] [2022-05-20T19:51:13.841Z] ----------------------------------------------------------------------
[debug] 
[debug] [2022-05-20T19:51:13.938Z] > command requires scopes: ["email","openid","https://www.googleapis.com/auth/cloudplatformprojects.readonly","https://www.googleapis.com/auth/firebase","https://www.googleapis.com/auth/cloud-platform"]
[debug] [2022-05-20T19:51:13.938Z] > authorizing via signed-in user (payush381@gmail.com)
[info] 
     ######## #### ########  ######## ########     ###     ######  ########
     ##        ##  ##     ## ##       ##     ##  ##   ##  ##       ##
     ######    ##  ########  ######   ########  #########  ######  ######
     ##        ##  ##    ##  ##       ##     ## ##     ##       ## ##
     ##       #### ##     ## ######## ########  ##     ##  ######  ########

You're about to initialize a Firebase project in this directory:

  C:\Users\payus

Before we get started, keep in mind:

  * You are initializing within an existing Firebase project directory

[info] 
=== Project Setup
[info] 
[info] First, let's associate this project directory with a Firebase project.
[info] You can create multiple project aliases by running firebase use --add, 
[info] but for now we'll just set up a default project.
[info] 
[debug] [2022-05-20T19:52:57.288Z] Using project from CLI flag: umail-clone
[debug] [2022-05-20T19:52:57.291Z] >>> [apiv2][query] GET https://firebase.googleapis.com/v1beta1/projects/umail-clone [none]
[debug] [2022-05-20T19:52:58.202Z] <<< [apiv2][status] GET https://firebase.googleapis.com/v1beta1/projects/umail-clone 200
[debug] [2022-05-20T19:52:58.202Z] <<< [apiv2][body] GET https://firebase.googleapis.com/v1beta1/projects/umail-clone {"projectId":"umail-clone","projectNumber":"204782934885","displayName":"umail-clone","name":"projects/umail-clone","resources":{"hostingSite":"umail-clone"},"state":"ACTIVE"}
[info] i  Using project umail-clone (umail-clone) 
[info] 
=== Hosting Setup
[info] 
[info] Your public directory is the folder (relative to your project directory) that
[info] will contain Hosting assets to be uploaded with firebase deploy. If you
[info] have a build process for your assets, use your build's output directory.
[info] 
[debug] [2022-05-20T19:53:16.993Z] Error: kill ENOSYS
    at process.kill (node:internal/process/per_thread:215:13)
    at process.listener (C:\Users\payus\AppData\Roaming\npm\node_modules\firebase-tools\node_modules\signal-exit\index.js:95:15)
    at process.emit (node:events:390:28)
[error] 
[error] Error: An unexpected error has occurred.
